Arguments: 
  /usr/local/bin/node /usr/local/bin/yarn eject

PATH: 
  /usr/local/bin:/usr/bin:/bin:/usr/sbin:/sbin

Yarn version: 
  1.7.0

Node version: 
  8.11.3

Platform: 
  darwin x64

Trace: 
  TypeError: Path must be a string. Received { integrity: 'sha512-ylggu8DwwxT6mk3jVoJeohWAePWMNWEYm06MSoJ19kwp3hT9eY2Z4NNZn3oevzgFmClgNQ2GQF500hPDvNsGHg==',
    resolved: 'https://registry.npmjs.org/@types/babel-types/-/babel-types-7.0.2.tgz',
    version: '7.0.2' }
      at assertPath (path.js:28:11)
      at Object.isAbsolute (path.js:1225:5)
      at module.exports.exports.default (/usr/local/lib/node_modules/yarn/lib/cli.js:97479:16)
      at /usr/local/lib/node_modules/yarn/lib/cli.js:53215:63
      at Generator.next (<anonymous>)
      at step (/usr/local/lib/node_modules/yarn/lib/cli.js:98:30)
      at /usr/local/lib/node_modules/yarn/lib/cli.js:109:13
      at <anonymous>

npm manifest: 
  {
    "requires": true,
    "lockfileVersion": 1,
    "dependencies": {
      "@types/babel-types": {
        "integrity": "sha512-ylggu8DwwxT6mk3jVoJeohWAePWMNWEYm06MSoJ19kwp3hT9eY2Z4NNZn3oevzgFmClgNQ2GQF500hPDvNsGHg==",
        "resolved": "https://registry.npmjs.org/@types/babel-types/-/babel-types-7.0.2.tgz",
        "version": "7.0.2"
      },
      "@types/babylon": {
        "integrity": "sha512-+Jty46mPaWe1VAyZbfvgJM4BAdklLWxrT5tc/RjvCgLrtk6gzRY6AOnoWFv4p6hVxhJshDdr2hGVn56alBp97Q==",
        "requires": {
          "@types/babel-types": "7.0.2"
        },
        "resolved": "https://registry.npmjs.org/@types/babylon/-/babylon-6.16.2.tgz",
        "version": "6.16.2"
      },
      "acorn": {
        "integrity": "sha1-ReN/s56No/JbruP/U2niu18iAXo=",
        "resolved": "https://registry.npmjs.org/acorn/-/acorn-3.3.0.tgz",
        "version": "3.3.0"
      },
      "acorn-globals": {
        "dependencies": {
          "acorn": {
            "integrity": "sha1-EFSVrlNh1pe9GVyCUZLhrX8lN4c=",
            "resolved": "https://registry.npmjs.org/acorn/-/acorn-4.0.13.tgz",
            "version": "4.0.13"
          }
        },
        "integrity": "sha1-/YJw9x+7SZawBPqIDuXUZXOnMb8=",
        "requires": {
          "acorn": "4.0.13"
        },
        "resolved": "https://registry.npmjs.org/acorn-globals/-/acorn-globals-3.1.0.tgz",
        "version": "3.1.0"
      },
      "ajv": {
        "integrity": "sha1-c7Xuyj+rZT49P5Qis0GtQiBdyWU=",
        "requires": {
          "co": "4.6.0",
          "fast-deep-equal": "1.1.0",
          "fast-json-stable-stringify": "2.0.0",
          "json-schema-traverse": "0.3.1"
        },
        "resolved": "https://registry.npmjs.org/ajv/-/ajv-5.5.2.tgz",
        "version": "5.5.2"
      },
      "align-text": {
        "integrity": "sha1-DNkKVhCT810KmSVsIrcGlDP60Rc=",
        "requires": {
          "kind-of": "3.2.2",
          "longest": "1.0.1",
          "repeat-string": "1.6.1"
        },
        "resolved": "https://registry.npmjs.org/align-text/-/align-text-0.1.4.tgz",
        "version": "0.1.4"
      },
      "asap": {
        "integrity": "sha1-5QNHYR1+aQlDIIu9r+vLwvuGbUY=",
        "resolved": "https://registry.npmjs.org/asap/-/asap-2.0.6.tgz",
        "version": "2.0.6"
      },
      "asn1": {
        "integrity": "sha1-2sh4dxPJlmhJ/IGAd36+nB3fO4Y=",
        "resolved": "https://registry.npmjs.org/asn1/-/asn1-0.2.3.tgz",
        "version": "0.2.3"
      },
      "assert-plus": {
        "integrity": "sha1-8S4PPF13sLHN2RRpQuTpbB5N1SU=",
        "resolved": "https://registry.npmjs.org/assert-plus/-/assert-plus-1.0.0.tgz",
        "version": "1.0.0"
      },
      "asynckit": {
        "integrity": "sha1-x57Zf380y48robyXkLzDZkdLS3k=",
        "resolved": "https://registry.npmjs.org/asynckit/-/asynckit-0.4.0.tgz",
        "version": "0.4.0"
      },
      "aws-sign2": {
        "integrity": "sha1-tG6JCTSpWR8tL2+G1+ap8bP+dqg=",
        "resolved": "https://registry.npmjs.org/aws-sign2/-/aws-sign2-0.7.0.tgz",
        "version": "0.7.0"
      },
      "aws4": {
        "integrity": "sha512-32NDda82rhwD9/JBCCkB+MRYDp0oSvlo2IL6rQWA10PQi7tDUM3eqMSltXmY+Oyl/7N3P3qNtAlv7X0d9bI28w==",
        "resolved": "https://registry.npmjs.org/aws4/-/aws4-1.7.0.tgz",
        "version": "1.7.0"
      },
      "babel-runtime": {
        "integrity": "sha1-llxwWGaOgrVde/4E/yM3vItWR/4=",
        "requires": {
          "core-js": "2.5.6",
          "regenerator-runtime": "0.11.1"
        },
        "resolved": "https://registry.npmjs.org/babel-runtime/-/babel-runtime-6.26.0.tgz",
        "version": "6.26.0"
      },
      "babel-types": {
        "integrity": "sha1-o7Bz+Uq0nrb6Vc1lInozQ4BjJJc=",
        "requires": {
          "babel-runtime": "6.26.0",
          "esutils": "2.0.2",
          "lodash": "4.17.10",
          "to-fast-properties": "1.0.3"
        },
        "resolved": "https://registry.npmjs.org/babel-types/-/babel-types-6.26.0.tgz",
        "version": "6.26.0"
      },
      "babylon": {
        "integrity": "sha512-q/UEjfGJ2Cm3oKV71DJz9d25TPnq5rhBVL2Q4fA5wcC3jcrdn7+SssEybFIxwAvvP+YCsCYNKughoF33GxgycQ==",
        "resolved": "https://registry.npmjs.org/babylon/-/babylon-6.18.0.tgz",
        "version": "6.18.0"
      },
      "bcrypt-pbkdf": {
        "integrity": "sha1-Y7xdy2EzG5K8Bf1SiVPDNGKgb40=",
        "requires": {
          "tweetnacl": "0.14.5"
        },
        "resolved": "https://registry.npmjs.org/bcrypt-pbkdf/-/bcrypt-pbkdf-1.0.1.tgz",
        "version": "1.0.1"
      },
      "big.js": {
        "integrity": "sha512-+hN/Zh2D08Mx65pZ/4g5bsmNiZUuChDiQfTUQ7qJr4/kuopCr88xZsAXv6mBoZEsUI4OuGHlX59qE94K2mMW8Q==",
        "resolved": "https://registry.npmjs.org/big.js/-/big.js-3.2.0.tgz",
        "version": "3.2.0"
      },
      "body-parser": {
        "integrity": "sha1-WykhmP/dVTs6DyDe0FkrlWlVyLQ=",
        "requires": {
          "bytes": "3.0.0",
          "content-type": "1.0.4",
          "debug": "2.6.9",
          "depd": "1.1.2",
          "http-errors": "1.6.3",
          "iconv-lite": "0.4.23",
          "on-finished": "2.3.0",
          "qs": "6.5.2",
          "raw-body": "2.3.3",
          "type-is": "1.6.16"
        },
        "resolved": "https://registry.npmjs.org/body-parser/-/body-parser-1.18.3.tgz",
        "version": "1.18.3"
      },
      "boom": {
        "integrity": "sha1-T4owBctKfjiJ90kDD9JbluAdLjE=",
        "requires": {
          "hoek": "4.2.1"
        },
        "resolved": "https://registry.npmjs.org/boom/-/boom-4.3.1.tgz",
        "version": "4.3.1"
      },
      "buffer-from": {
        "integrity": "sha512-83apNb8KK0Se60UE1+4Ukbe3HbfELJ6UlI4ldtOGs7So4KD26orJM8hIY9lxdzP+UpItH1Yh/Y8GUvNFWFFRxA==",
        "resolved": "https://registry.npmjs.org/buffer-from/-/buffer-from-1.0.0.tgz",
        "version": "1.0.0"
      },
      "bytes": {
        "integrity": "sha1-0ygVQE1olpn4Wk6k+odV3ROpYEg=",
        "resolved": "https://registry.npmjs.org/bytes/-/bytes-3.0.0.tgz",
        "version": "3.0.0"
      },
      "camelcase": {
        "integrity": "sha1-m7UwTS4LVmmLLHWLCKPqqdqlijk=",
        "resolved": "https://registry.npmjs.org/camelcase/-/camelcase-1.2.1.tgz",
        "version": "1.2.1"
      },
      "caseless": {
        "integrity": "sha1-G2gcIf+EAzyCZUMJBolCDRhxUdw=",
        "resolved": "https://registry.npmjs.org/caseless/-/caseless-0.12.0.tgz",
        "version": "0.12.0"
      },
      "center-align": {
        "integrity": "sha1-qg0yYptu6XIgBBHL1EYckHvCt60=",
        "requires": {
          "align-text": "0.1.4",
          "lazy-cache": "1.0.4"
        },
        "resolved": "https://registry.npmjs.org/center-align/-/center-align-0.1.3.tgz",
        "version": "0.1.3"
      },
      "character-parser": {
        "integrity": "sha1-x84o821LzZdE5f/CxfzeHHMmH8A=",
        "requires": {
          "is-regex": "1.0.4"
        },
        "resolved": "https://registry.npmjs.org/character-parser/-/character-parser-2.2.0.tgz",
        "version": "2.2.0"
      },
      "clean-css": {
        "integrity": "sha1-Ls3xRaujj1R0DybO/Q/z4D4SXWo=",
        "requires": {
          "source-map": "0.5.7"
        },
        "resolved": "https://registry.npmjs.org/clean-css/-/clean-css-4.1.11.tgz",
        "version": "4.1.11"
      },
      "cliui": {
        "integrity": "sha1-S0dXYP+AJkx2LDoXGQMukcf+oNE=",
        "requires": {
          "center-align": "0.1.3",
          "right-align": "0.1.3",
          "wordwrap": "0.0.2"
        },
        "resolved": "https://registry.npmjs.org/cliui/-/cliui-2.1.0.tgz",
        "version": "2.1.0"
      },
      "clone": {
        "integrity": "sha1-0hfR6WERjjrJpLi7oyhVU79kfNs=",
        "resolved": "https://registry.npmjs.org/clone/-/clone-2.1.1.tgz",
        "version": "2.1.1"
      },
      "co": {
        "integrity": "sha1-bqa989hTrlTMuOR7+gvz+QMfsYQ=",
        "resolved": "https://registry.npmjs.org/co/-/co-4.6.0.tgz",
        "version": "4.6.0"
      },
      "combined-stream": {
        "integrity": "sha1-cj599ugBrFYTETp+RFqbactjKBg=",
        "requires": {
          "delayed-stream": "1.0.0"
        },
        "resolved": "https://registry.npmjs.org/combined-stream/-/combined-stream-1.0.6.tgz",
        "version": "1.0.6"
      },
      "concat-stream": {
        "dependencies": {
          "readable-stream": {
            "integrity": "sha512-tQtKA9WIAhBF3+VLAseyMqZeBjW0AHJoxOtYqSUZNJxauErmLbVm2FW1y+J/YA9dUrAC39ITejlZWhVIwawkKw==",
            "requires": {
              "core-util-is": "1.0.2",
              "inherits": "2.0.3",
              "isarray": "1.0.0",
              "process-nextick-args": "2.0.0",
              "safe-buffer": "5.1.2",
              "string_decoder": "1.1.1",
              "util-deprecate": "1.0.2"
            },
            "resolved": "https://registry.npmjs.org/readable-stream/-/readable-stream-2.3.6.tgz",
            "version": "2.3.6"
          },
          "string_decoder": {
            "integrity": "sha512-n/ShnvDi6FHbbVfviro+WojiFzv+s8MPMHBczVePfUpDJLwoLT0ht1l4YwBCbi8pJAveEEdnkHyPyTP/mzRfwg==",
            "requires": {
              "safe-buffer": "5.1.2"
            },
            "resolved": "https://registry.npmjs.org/string_decoder/-/string_decoder-1.1.1.tgz",
            "version": "1.1.1"
          }
        },
        "integrity": "sha512-27HBghJxjiZtIk3Ycvn/4kbJk/1uZuJFfuPEns6LaEvpvG1f0hTea8lilrouyo9mVc2GWdcEZ8OLoGmSADlrCw==",
        "requires": {
          "buffer-from": "1.0.0",
          "inherits": "2.0.3",
          "readable-stream": "2.3.6",
          "typedarray": "0.0.6"
        },
        "resolved": "https://registry.npmjs.org/concat-stream/-/concat-stream-1.6.2.tgz",
        "version": "1.6.2"
      },
      "constantinople": {
        "integrity": "sha512-yePcBqEFhLOqSBtwYOGGS1exHo/s1xjekXiinh4itpNQGCu4KA1euPh1fg07N2wMITZXQkBz75Ntdt1ctGZouw==",
        "requires": {
          "@types/babel-types": "7.0.2",
          "@types/babylon": "6.16.2",
          "babel-types": "6.26.0",
          "babylon": "6.18.0"
        },
        "resolved": "https://registry.npmjs.org/constantinople/-/constantinople-3.1.2.tgz",
        "version": "3.1.2"
      },
      "content-type": {
        "integrity": "sha512-hIP3EEPs8tB9AT1L+NUqtwOAps4mk2Zob89MWXMHjHWg9milF/j4osnnQLXBCBFBk/tvIG/tUc9mOUJiPBhPXA==",
        "resolved": "https://registry.npmjs.org/content-type/-/content-type-1.0.4.tgz",
        "version": "1.0.4"
      },
      "cookie-signature": {
        "integrity": "sha512-Alvs19Vgq07eunykd3Xy2jF0/qSNv2u7KDbAek9H5liV1UMijbqFs5cycZvv5dVsvseT/U4H8/7/w8Koh35C4A==",
        "resolved": "https://registry.npmjs.org/cookie-signature/-/cookie-signature-1.1.0.tgz",
        "version": "1.1.0"
      },
      "core-js": {
        "integrity": "sha512-lQUVfQi0aLix2xpyjrrJEvfuYCqPc/HwmTKsC/VNf8q0zsjX7SQZtp4+oRONN5Tsur9GDETPjj+Ub2iDiGZfSQ==",
        "resolved": "https://registry.npmjs.org/core-js/-/core-js-2.5.6.tgz",
        "version": "2.5.6"
      },
      "core-util-is": {
        "integrity": "sha1-tf1UIgqivFq1eqtxQMlAdUUDwac=",
        "resolved": "https://registry.npmjs.org/core-util-is/-/core-util-is-1.0.2.tgz",
        "version": "1.0.2"
      },
      "cryptiles": {
        "dependencies": {
          "boom": {
            "integrity": "sha512-Z5BTk6ZRe4tXXQlkqftmsAUANpXmuwlsF5Oov8ThoMbQRzdGTA1ngYRW160GexgOgjsFOKJz0LYhoNi+2AMBUw==",
            "requires": {
              "hoek": "4.2.1"
            },
            "resolved": "https://registry.npmjs.org/boom/-/boom-5.2.0.tgz",
            "version": "5.2.0"
          }
        },
        "integrity": "sha1-qJ+7Ig9c4l7FboxKqKT9e1sNKf4=",
        "requires": {
          "boom": "5.2.0"
        },
        "resolved": "https://registry.npmjs.org/cryptiles/-/cryptiles-3.1.2.tgz",
        "version": "3.1.2"
      },
      "dashdash": {
        "integrity": "sha1-hTz6D3y+L+1d4gMmuN1YEDX24vA=",
        "requires": {
          "assert-plus": "1.0.0"
        },
        "resolved": "https://registry.npmjs.org/dashdash/-/dashdash-1.14.1.tgz",
        "version": "1.14.1"
      },
      "debug": {
        "integrity": "sha512-bC7ElrdJaJnPbAP+1EotYvqZsb3ecl5wi6Bfi6BJTUcNowp6cvspg0jXznRTKDjm/E7AdgFBVeAPVMNcKGsHMA==",
        "requires": {
          "ms": "2.0.0"
        },
        "resolved": "https://registry.npmjs.org/debug/-/debug-2.6.9.tgz",
        "version": "2.6.9"
      },
      "decamelize": {
        "integrity": "sha1-9lNNFRSCabIDUue+4m9QH5oZEpA=",
        "resolved": "https://registry.npmjs.org/decamelize/-/decamelize-1.2.0.tgz",
        "version": "1.2.0"
      },
      "delayed-stream": {
        "integrity": "sha1-3zrhmayt+31ECqrgsp4icrJOxhk=",
        "resolved": "https://registry.npmjs.org/delayed-stream/-/delayed-stream-1.0.0.tgz",
        "version": "1.0.0"
      },
      "depd": {
        "integrity": "sha1-m81S4UwJd2PnSbJ0xDRu0uVgtak=",
        "resolved": "https://registry.npmjs.org/depd/-/depd-1.1.2.tgz",
        "version": "1.1.2"
      },
      "destroy": {
        "integrity": "sha1-l4hXRCxEdJ5CBmE+N5RiBYJqvYA=",
        "resolved": "https://registry.npmjs.org/destroy/-/destroy-1.0.4.tgz",
        "version": "1.0.4"
      },
      "doctypes": {
        "integrity": "sha1-6oCxBqh1OHdOijpKWv4pPeSJ4Kk=",
        "resolved": "https://registry.npmjs.org/doctypes/-/doctypes-1.1.0.tgz",
        "version": "1.1.0"
      },
      "ecc-jsbn": {
        "integrity": "sha1-D8c6ntXw1Tw4GTOYUj735UN3dQU=",
        "requires": {
          "jsbn": "0.1.1"
        },
        "resolved": "https://registry.npmjs.org/ecc-jsbn/-/ecc-jsbn-0.1.1.tgz",
        "version": "0.1.1"
      },
      "ee-first": {
        "integrity": "sha1-WQxhFWsK4vTwJVcyoViyZrxWsh0=",
        "resolved": "https://registry.npmjs.org/ee-first/-/ee-first-1.1.1.tgz",
        "version": "1.1.1"
      },
      "emojis-list": {
        "integrity": "sha1-TapNnbAPmBmIDHn6RXrlsJof04k=",
        "resolved": "https://registry.npmjs.org/emojis-list/-/emojis-list-2.1.0.tgz",
        "version": "2.1.0"
      },
      "encodeurl": {
        "integrity": "sha1-rT/0yG7C0CkyL1oCw6mmBslbP1k=",
        "resolved": "https://registry.npmjs.org/encodeurl/-/encodeurl-1.0.2.tgz",
        "version": "1.0.2"
      },
      "errno": {
        "integrity": "sha512-MfrRBDWzIWifgq6tJj60gkAwtLNb6sQPlcFrSOflcP1aFmmruKQ2wRnze/8V6kgyz7H3FF8Npzv78mZ7XLLflg==",
        "requires": {
          "prr": "1.0.1"
        },
        "resolved": "https://registry.npmjs.org/errno/-/errno-0.1.7.tgz",
        "version": "0.1.7"
      },
      "escape-html": {
        "integrity": "sha1-Aljq5NPQwJdN4cFpGI7wBR0dGYg=",
        "resolved": "https://registry.npmjs.org/escape-html/-/escape-html-1.0.3.tgz",
        "version": "1.0.3"
      },
      "esutils": {
        "integrity": "sha1-Cr9PHKpbyx96nYrMbepPqqBLrJs=",
        "resolved": "https://registry.npmjs.org/esutils/-/esutils-2.0.2.tgz",
        "version": "2.0.2"
      },
      "etag": {
        "integrity": "sha1-Qa4u62XvpiJorr/qg6x9eSmbCIc=",
        "resolved": "https://registry.npmjs.org/etag/-/etag-1.8.1.tgz",
        "version": "1.8.1"
      },
      "express": "^4.16.3",
      "extend": {
        "integrity": "sha1-p1Xqe8Gt/MWjHOfnYtuq3F5jZEQ=",
        "resolved": "https://registry.npmjs.org/extend/-/extend-3.0.1.tgz",
        "version": "3.0.1"
      },
      "extsprintf": {
        "integrity": "sha1-lpGEQOMEGnpBT4xS48V06zw+HgU=",
        "resolved": "https://registry.npmjs.org/extsprintf/-/extsprintf-1.3.0.tgz",
        "version": "1.3.0"
      },
      "fast-deep-equal": {
        "integrity": "sha1-wFNHeBfIa1HaqFPIHgWbcz0CNhQ=",
        "resolved": "https://registry.npmjs.org/fast-deep-equal/-/fast-deep-equal-1.1.0.tgz",
        "version": "1.1.0"
      },
      "fast-json-stable-stringify": {
        "integrity": "sha1-1RQsDK7msRifh9OnYREGT4bIu/I=",
        "resolved": "https://registry.npmjs.org/fast-json-stable-stringify/-/fast-json-stable-stringify-2.0.0.tgz",
        "version": "2.0.0"
      },
      "finalhandler": {
        "dependencies": {
          "statuses": {
            "integrity": "sha512-zhSCtt8v2NDrRlPQpCNtw/heZLtfUDqxBM1udqikb/Hbk52LK4nQSwr10u77iopCW5LsyHpuXS0GnEc48mLeew==",
            "resolved": "https://registry.npmjs.org/statuses/-/statuses-1.4.0.tgz",
            "version": "1.4.0"
          }
        },
        "integrity": "sha512-Y1GUDo39ez4aHAw7MysnUD5JzYX+WaIj8I57kO3aEPT1fFRL4sr7mjei97FgnwhAyyzRYmQZaTHb2+9uZ1dPtg==",
        "requires": {
          "debug": "2.6.9",
          "encodeurl": "1.0.2",
          "escape-html": "1.0.3",
          "on-finished": "2.3.0",
          "parseurl": "1.3.2",
          "statuses": "1.4.0",
          "unpipe": "1.0.0"
        },
        "resolved": "https://registry.npmjs.org/finalhandler/-/finalhandler-1.1.1.tgz",
        "version": "1.1.1"
      },
      "forever-agent": {
        "integrity": "sha1-+8cfDEGt6zf5bFd60e1C2P2sypE=",
        "resolved": "https://registry.npmjs.org/forever-agent/-/forever-agent-0.6.1.tgz",
        "version": "0.6.1"
      },
      "form-data": {
        "integrity": "sha1-SXBJi+YEwgwAXU9cI67NIda0kJk=",
        "requires": {
          "asynckit": "0.4.0",
          "combined-stream": "1.0.6",
          "mime-types": "2.1.18"
        },
        "resolved": "https://registry.npmjs.org/form-data/-/form-data-2.3.2.tgz",
        "version": "2.3.2"
      },
      "forwarded": {
        "integrity": "sha1-mMI9qxF1ZXuMBXPozszZGw/xjIQ=",
        "resolved": "https://registry.npmjs.org/forwarded/-/forwarded-0.1.2.tgz",
        "version": "0.1.2"
      },
      "fresh": {
        "integrity": "sha1-PYyt2Q2XZWn6g1qx+OSyOhBWBac=",
        "resolved": "https://registry.npmjs.org/fresh/-/fresh-0.5.2.tgz",
        "version": "0.5.2"
      },
      "function-bind": {
        "integrity": "sha512-yIovAzMX49sF8Yl58fSCWJ5svSLuaibPxXQJFLmBObTuCr0Mf1KiPopGM9NiFjiYBCbfaa2Fh6breQ6ANVTI0A==",
        "resolved": "https://registry.npmjs.org/function-bind/-/function-bind-1.1.1.tgz",
        "version": "1.1.1"
      },
      "getpass": {
        "integrity": "sha1-Xv+OPmhNVprkyysSgmBOi6YhSfo=",
        "requires": {
          "assert-plus": "1.0.0"
        },
        "resolved": "https://registry.npmjs.org/getpass/-/getpass-0.1.7.tgz",
        "version": "0.1.7"
      },
      "google-libphonenumber": "^3.1.11",
      "graceful-fs": {
        "integrity": "sha1-Dovf5NHduIVNZOBOp8AOKgJuVlg=",
        "resolved": "https://registry.npmjs.org/graceful-fs/-/graceful-fs-4.1.11.tgz",
        "version": "4.1.11"
      },
      "har-schema": {
        "integrity": "sha1-qUwiJOvKwEeCoNkDVSHyRzW37JI=",
        "resolved": "https://registry.npmjs.org/har-schema/-/har-schema-2.0.0.tgz",
        "version": "2.0.0"
      },
      "har-validator": {
        "integrity": "sha1-ukAsJmGU8VlW7xXg/PJCmT9qff0=",
        "requires": {
          "ajv": "5.5.2",
          "har-schema": "2.0.0"
        },
        "resolved": "https://registry.npmjs.org/har-validator/-/har-validator-5.0.3.tgz",
        "version": "5.0.3"
      },
      "has": {
        "integrity": "sha1-hGFzP1OLCDfJNh45qauelwTcLyg=",
        "requires": {
          "function-bind": "1.1.1"
        },
        "resolved": "https://registry.npmjs.org/has/-/has-1.0.1.tgz",
        "version": "1.0.1"
      },
      "hawk": {
        "integrity": "sha512-miowhl2+U7Qle4vdLqDdPt9m09K6yZhkLDTWGoUiUzrQCn+mHHSmfJgAyGaLRZbPmTqfFFjRV1QWCW0VWUJBbQ==",
        "requires": {
          "boom": "4.3.1",
          "cryptiles": "3.1.2",
          "hoek": "4.2.1",
          "sntp": "2.1.0"
        },
        "resolved": "https://registry.npmjs.org/hawk/-/hawk-6.0.2.tgz",
        "version": "6.0.2"
      },
      "hoek": {
        "integrity": "sha512-QLg82fGkfnJ/4iy1xZ81/9SIJiq1NGFUMGs6ParyjBZr6jW2Ufj/snDqTHixNlHdPNwN2RLVD0Pi3igeK9+JfA==",
        "resolved": "https://registry.npmjs.org/hoek/-/hoek-4.2.1.tgz",
        "version": "4.2.1"
      },
      "http-errors": {
        "integrity": "sha1-i1VoC7S+KDoLW/TqLjhYC+HZMg0=",
        "requires": {
          "depd": "1.1.2",
          "inherits": "2.0.3",
          "setprototypeof": "1.1.0",
          "statuses": "1.5.0"
        },
        "resolved": "https://registry.npmjs.org/http-errors/-/http-errors-1.6.3.tgz",
        "version": "1.6.3"
      },
      "http-signature": {
        "integrity": "sha1-muzZJRFHcvPZW2WmCruPfBj7rOE=",
        "requires": {
          "assert-plus": "1.0.0",
          "jsprim": "1.4.1",
          "sshpk": "1.14.1"
        },
        "resolved": "https://registry.npmjs.org/http-signature/-/http-signature-1.2.0.tgz",
        "version": "1.2.0"
      },
      "iconv-lite": {
        "integrity": "sha512-neyTUVFtahjf0mB3dZT77u+8O0QB89jFdnBkd5P1JgYPbPaia3gXXOVL2fq8VyU2gMMD7SaN7QukTB/pmXYvDA==",
        "requires": {
          "safer-buffer": "2.1.2"
        },
        "resolved": "https://registry.npmjs.org/iconv-lite/-/iconv-lite-0.4.23.tgz",
        "version": "0.4.23"
      },
      "image-size": {
        "integrity": "sha1-Cd/Uq50g4p6xw+gLiZA3jfnjy5w=",
        "resolved": "https://registry.npmjs.org/image-size/-/image-size-0.5.5.tgz",
        "version": "0.5.5"
      },
      "inherits": {
        "integrity": "sha1-Yzwsg+PaQqUC9SRmAiSA9CCCYd4=",
        "resolved": "https://registry.npmjs.org/inherits/-/inherits-2.0.3.tgz",
        "version": "2.0.3"
      },
      "ipaddr.js": {
        "integrity": "sha1-IgbtM0r8MuAf7T7oOLayUhBoudI=",
        "resolved": "https://registry.npmjs.org/ipaddr.js/-/ipaddr.js-1.7.0.tgz",
        "version": "1.7.0"
      },
      "is-buffer": {
        "integrity": "sha512-NcdALwpXkTm5Zvvbk7owOUSvVvBKDgKP5/ewfXEznmQFfs4ZRmanOeKBTjRVjka3QFoN6XJ+9F3USqfHqTaU5w==",
        "resolved": "https://registry.npmjs.org/is-buffer/-/is-buffer-1.1.6.tgz",
        "version": "1.1.6"
      },
      "is-expression": {
        "dependencies": {
          "acorn": {
            "integrity": "sha1-EFSVrlNh1pe9GVyCUZLhrX8lN4c=",
            "resolved": "https://registry.npmjs.org/acorn/-/acorn-4.0.13.tgz",
            "version": "4.0.13"
          },
          "object-assign": {
            "integrity": "sha1-IQmtx5ZYh8/AXLvUQsrIv7s2CGM=",
            "resolved": "https://registry.npmjs.org/object-assign/-/object-assign-4.1.1.tgz",
            "version": "4.1.1"
          }
        },
        "integrity": "sha1-Oayqa+f9HzRx3ELHQW5hwkMXrJ8=",
        "requires": {
          "acorn": "4.0.13",
          "object-assign": "4.1.1"
        },
        "resolved": "https://registry.npmjs.org/is-expression/-/is-expression-3.0.0.tgz",
        "version": "3.0.0"
      },
      "is-promise": {
        "integrity": "sha1-eaKp7OfwlugPNtKy87wWwf9L8/o=",
        "resolved": "https://registry.npmjs.org/is-promise/-/is-promise-2.1.0.tgz",
        "version": "2.1.0"
      },
      "is-regex": {
        "integrity": "sha1-VRdIm1RwkbCTDglWVM7SXul+lJE=",
        "requires": {
          "has": "1.0.1"
        },
        "resolved": "https://registry.npmjs.org/is-regex/-/is-regex-1.0.4.tgz",
        "version": "1.0.4"
      },
      "is-typedarray": {
        "integrity": "sha1-5HnICFjfDBsR3dppQPlgEfzaSpo=",
        "resolved": "https://registry.npmjs.org/is-typedarray/-/is-typedarray-1.0.0.tgz",
        "version": "1.0.0"
      },
      "isarray": {
        "integrity": "sha1-u5NdSFgsuhaMBoNJV6VKPgcSTxE=",
        "resolved": "https://registry.npmjs.org/isarray/-/isarray-1.0.0.tgz",
        "version": "1.0.0"
      },
      "isstream": {
        "integrity": "sha1-R+Y/evVa+m+S4VAOaQ64uFKcCZo=",
        "resolved": "https://registry.npmjs.org/isstream/-/isstream-0.1.2.tgz",
        "version": "0.1.2"
      },
      "js-stringify": {
        "integrity": "sha1-Fzb939lyTyijaCrcYjCufk6Weds=",
        "resolved": "https://registry.npmjs.org/js-stringify/-/js-stringify-1.0.2.tgz",
        "version": "1.0.2"
      },
      "jsbn": {
        "integrity": "sha1-peZUwuWi3rXyAdls77yoDA7y9RM=",
        "resolved": "https://registry.npmjs.org/jsbn/-/jsbn-0.1.1.tgz",
        "version": "0.1.1"
      },
      "json-schema": {
        "integrity": "sha1-tIDIkuWaLwWVTOcnvT8qTogvnhM=",
        "resolved": "https://registry.npmjs.org/json-schema/-/json-schema-0.2.3.tgz",
        "version": "0.2.3"
      },
      "json-schema-traverse": {
        "integrity": "sha1-NJptRMU6Ud6JtAgFxdXlm0F9M0A=",
        "resolved": "https://registry.npmjs.org/json-schema-traverse/-/json-schema-traverse-0.3.1.tgz",
        "version": "0.3.1"
      },
      "json-stringify-safe": {
        "integrity": "sha1-Epai1Y/UXxmg9s4B1lcB4sc1tus=",
        "resolved": "https://registry.npmjs.org/json-stringify-safe/-/json-stringify-safe-5.0.1.tgz",
        "version": "5.0.1"
      },
      "json5": {
        "integrity": "sha1-Hq3nrMASA0rYTiOWdn6tn6VJWCE=",
        "resolved": "https://registry.npmjs.org/json5/-/json5-0.5.1.tgz",
        "version": "0.5.1"
      },
      "jsprim": {
        "integrity": "sha1-MT5mvB5cwG5Di8G3SZwuXFastqI=",
        "requires": {
          "assert-plus": "1.0.0",
          "extsprintf": "1.3.0",
          "json-schema": "0.2.3",
          "verror": "1.10.0"
        },
        "resolved": "https://registry.npmjs.org/jsprim/-/jsprim-1.4.1.tgz",
        "version": "1.4.1"
      },
      "jstransformer": {
        "integrity": "sha1-7Yvwkh4vPx7U1cGkT2hwntJHIsM=",
        "requires": {
          "is-promise": "2.1.0",
          "promise": "7.3.1"
        },
        "resolved": "https://registry.npmjs.org/jstransformer/-/jstransformer-1.0.0.tgz",
        "version": "1.0.0"
      },
      "kind-of": {
        "integrity": "sha1-MeohpzS6ubuw8yRm2JOupR5KPGQ=",
        "requires": {
          "is-buffer": "1.1.6"
        },
        "resolved": "https://registry.npmjs.org/kind-of/-/kind-of-3.2.2.tgz",
        "version": "3.2.2"
      },
      "lazy-cache": {
        "integrity": "sha1-odePw6UEdMuAhF07O24dpJpEbo4=",
        "resolved": "https://registry.npmjs.org/lazy-cache/-/lazy-cache-1.0.4.tgz",
        "version": "1.0.4"
      },
      "less": {
        "dependencies": {
          "source-map": {
            "integrity": "sha512-UjgapumWlbMhkBgzT7Ykc5YXUT46F0iKu8SGXq0bcwP5dz/h0Plj6enJqjz1Zbq2l5WaqYnrVbwWOWMyF3F47g==",
            "optional": true,
            "resolved": "https://registry.npmjs.org/source-map/-/source-map-0.6.1.tgz",
            "version": "0.6.1"
          }
        },
        "integrity": "sha512-q3SyEnPKbk9zh4l36PGeW2fgynKu+FpbhiUNx/yaiBUQ3V0CbACCgb9FzYWcRgI2DJlP6eI4jc8XPrCTi55YcQ==",
        "requires": {
          "errno": "0.1.7",
          "graceful-fs": "4.1.11",
          "image-size": "0.5.5",
          "mime": "1.6.0",
          "mkdirp": "0.5.1",
          "promise": "7.3.1",
          "request": "2.86.0",
          "source-map": "0.6.1"
        },
        "resolved": "https://registry.npmjs.org/less/-/less-3.0.4.tgz",
        "version": "3.0.4"
      },
      "less-loader": {
        "integrity": "sha512-KNTsgCE9tMOM70+ddxp9yyt9iHqgmSs0yTZc5XH5Wo+g80RWRIYNqE58QJKm/yMud5wZEvz50ugRDuzVIkyahg==",
        "requires": {
          "clone": "2.1.1",
          "loader-utils": "1.1.0",
          "pify": "3.0.0"
        },
        "resolved": "https://registry.npmjs.org/less-loader/-/less-loader-4.1.0.tgz",
        "version": "4.1.0"
      },
      "loader-utils": {
        "integrity": "sha1-yYrvSIvM7aL/teLeZG1qdUQp9c0=",
        "requires": {
          "big.js": "3.2.0",
          "emojis-list": "2.1.0",
          "json5": "0.5.1"
        },
        "resolved": "https://registry.npmjs.org/loader-utils/-/loader-utils-1.1.0.tgz",
        "version": "1.1.0"
      },
      "lodash": {
        "integrity": "sha512-UejweD1pDoXu+AD825lWwp4ZGtSwgnpZxb3JDViD7StjQz+Nb/6l093lx4OQ0foGWNRoc19mWy7BzL+UAK2iVg==",
        "resolved": "https://registry.npmjs.org/lodash/-/lodash-4.17.10.tgz",
        "version": "4.17.10"
      },
      "longest": {
        "integrity": "sha1-MKCy2jj3N3DoKUoNIuZiXtd9AJc=",
        "resolved": "https://registry.npmjs.org/longest/-/longest-1.0.1.tgz",
        "version": "1.0.1"
      },
      "media-typer": {
        "integrity": "sha1-hxDXrwqmJvj/+hzgAWhUUmMlV0g=",
        "resolved": "https://registry.npmjs.org/media-typer/-/media-typer-0.3.0.tgz",
        "version": "0.3.0"
      },
      "mime": {
        "integrity": "sha512-x0Vn8spI+wuJ1O6S7gnbaQg8Pxh4NNHb7KSINmEWKiPE4RKOplvijn+NkmYmmRgP68mc70j2EbeTFRsrswaQeg==",
        "resolved": "https://registry.npmjs.org/mime/-/mime-1.6.0.tgz",
        "version": "1.6.0"
      },
      "mime-db": {
        "integrity": "sha512-BHJ/EKruNIqJf/QahvxwQZXKygOQ256myeN/Ew+THcAa5q+PjyTTMMeNQC4DZw5AwfvelsUrA6B67NKMqXDbzQ==",
        "resolved": "https://registry.npmjs.org/mime-db/-/mime-db-1.33.0.tgz",
        "version": "1.33.0"
      },
      "mime-types": {
        "integrity": "sha512-lc/aahn+t4/SWV/qcmumYjymLsWfN3ELhpmVuUFjgsORruuZPVSwAQryq+HHGvO/SI2KVX26bx+En+zhM8g8hQ==",
        "requires": {
          "mime-db": "1.33.0"
        },
        "resolved": "https://registry.npmjs.org/mime-types/-/mime-types-2.1.18.tgz",
        "version": "2.1.18"
      },
      "minimist": {
        "integrity": "sha1-hX/Kv8M5fSYluCKCYuhqp6ARsF0=",
        "optional": true,
        "resolved": "https://registry.npmjs.org/minimist/-/minimist-0.0.8.tgz",
        "version": "0.0.8"
      },
      "mkdirp": {
        "integrity": "sha1-MAV0OOrGz3+MR2fzhkjWaX11yQM=",
        "optional": true,
        "requires": {
          "minimist": "0.0.8"
        },
        "resolved": "https://registry.npmjs.org/mkdirp/-/mkdirp-0.5.1.tgz",
        "version": "0.5.1"
      },
      "ms": {
        "integrity": "sha1-VgiurfwAvmwpAd9fmGF4jeDVl8g=",
        "resolved": "https://registry.npmjs.org/ms/-/ms-2.0.0.tgz",
        "version": "2.0.0"
      },
      "oauth-sign": {
        "integrity": "sha1-Rqarfwrq2N6unsBWV4C31O/rnUM=",
        "resolved": "https://registry.npmjs.org/oauth-sign/-/oauth-sign-0.8.2.tgz",
        "version": "0.8.2"
      },
      "on-finished": {
        "integrity": "sha1-IPEzZIGwg811M3mSoWlxqi2QaUc=",
        "requires": {
          "ee-first": "1.1.1"
        },
        "resolved": "https://registry.npmjs.org/on-finished/-/on-finished-2.3.0.tgz",
        "version": "2.3.0"
      },
      "parseurl": {
        "integrity": "sha1-/CidTtiZMRlGDBViUyYs3I3mW/M=",
        "resolved": "https://registry.npmjs.org/parseurl/-/parseurl-1.3.2.tgz",
        "version": "1.3.2"
      },
      "path": "^0.12.7",
      "path-parse": {
        "integrity": "sha1-PBrfhx6pzWyUMbbqK9dKD/BVxME=",
        "resolved": "https://registry.npmjs.org/path-parse/-/path-parse-1.0.5.tgz",
        "version": "1.0.5"
      },
      "performance-now": {
        "integrity": "sha1-Ywn04OX6kT7BxpMHrjZLSzd8nns=",
        "resolved": "https://registry.npmjs.org/performance-now/-/performance-now-2.1.0.tgz",
        "version": "2.1.0"
      },
      "pify": {
        "integrity": "sha1-5aSs0sEB/fPZpNB/DbxNtJ3SgXY=",
        "resolved": "https://registry.npmjs.org/pify/-/pify-3.0.0.tgz",
        "version": "3.0.0"
      },
      "process-nextick-args": {
        "integrity": "sha512-MtEC1TqN0EU5nephaJ4rAtThHtC86dNN9qCuEhtshvpVBkAW5ZO7BASN9REnF9eoXGcRub+pFuKEpOHE+HbEMw==",
        "resolved": "https://registry.npmjs.org/process-nextick-args/-/process-nextick-args-2.0.0.tgz",
        "version": "2.0.0"
      },
      "promise": {
        "integrity": "sha512-nolQXZ/4L+bP/UGlkfaIujX9BKxGwmQ9OT4mOt5yvy8iK1h3wqTEJCijzGANTCCl9nWjY41juyAn2K3Q1hLLTg==",
        "requires": {
          "asap": "2.0.6"
        },
        "resolved": "https://registry.npmjs.org/promise/-/promise-7.3.1.tgz",
        "version": "7.3.1"
      },
      "proxy-addr": {
        "dependencies": {
          "ipaddr.js": {
            "integrity": "sha1-4/o1e3c9phnybpXwSdBVxyeW+Gs=",
            "resolved": "https://registry.npmjs.org/ipaddr.js/-/ipaddr.js-1.6.0.tgz",
            "version": "1.6.0"
          }
        },
        "integrity": "sha512-jQTChiCJteusULxjBp8+jftSQE5Obdl3k4cnmLA6WXtK6XFuWRnvVL7aCiBqaLPM8c4ph0S4tKna8XvmIwEnXQ==",
        "requires": {
          "forwarded": "0.1.2",
          "ipaddr.js": "1.6.0"
        },
        "resolved": "https://registry.npmjs.org/proxy-addr/-/proxy-addr-2.0.3.tgz",
        "version": "2.0.3"
      },
      "prr": {
        "integrity": "sha1-0/wRS6BplaRexok/SEzrHXj19HY=",
        "resolved": "https://registry.npmjs.org/prr/-/prr-1.0.1.tgz",
        "version": "1.0.1"
      },
      "pug": {
        "integrity": "sha1-ccuoJTfJWl6rftBGluQiH1Oqh44=",
        "requires": {
          "pug-code-gen": "2.0.1",
          "pug-filters": "3.1.0",
          "pug-lexer": "4.0.0",
          "pug-linker": "3.0.5",
          "pug-load": "2.0.11",
          "pug-parser": "5.0.0",
          "pug-runtime": "2.0.4",
          "pug-strip-comments": "1.0.3"
        },
        "resolved": "https://registry.npmjs.org/pug/-/pug-2.0.3.tgz",
        "version": "2.0.3"
      },
      "pug-attrs": {
        "integrity": "sha1-owlflw5kFR972tlX7vVftdeQXRU=",
        "requires": {
          "constantinople": "3.1.2",
          "js-stringify": "1.0.2",
          "pug-runtime": "2.0.4"
        },
        "resolved": "https://registry.npmjs.org/pug-attrs/-/pug-attrs-2.0.3.tgz",
        "version": "2.0.3"
      },
      "pug-code-gen": {
        "integrity": "sha1-CVHsgyJddNjPxHan+Zolm199BQw=",
        "requires": {
          "constantinople": "3.1.2",
          "doctypes": "1.1.0",
          "js-stringify": "1.0.2",
          "pug-attrs": "2.0.3",
          "pug-error": "1.3.2",
          "pug-runtime": "2.0.4",
          "void-elements": "2.0.1",
          "with": "5.1.1"
        },
        "resolved": "https://registry.npmjs.org/pug-code-gen/-/pug-code-gen-2.0.1.tgz",
        "version": "2.0.1"
      },
      "pug-error": {
        "integrity": "sha1-U659nSm7A89WRJOgJhCfVMR/XyY=",
        "resolved": "https://registry.npmjs.org/pug-error/-/pug-error-1.3.2.tgz",
        "version": "1.3.2"
      },
      "pug-filters": {
        "integrity": "sha1-JxZVVbwEwjbkqisDZiRt+gIbYm4=",
        "requires": {
          "clean-css": "4.1.11",
          "constantinople": "3.1.2",
          "jstransformer": "1.0.0",
          "pug-error": "1.3.2",
          "pug-walk": "1.1.7",
          "resolve": "1.7.1",
          "uglify-js": "2.8.29"
        },
        "resolved": "https://registry.npmjs.org/pug-filters/-/pug-filters-3.1.0.tgz",
        "version": "3.1.0"
      },
      "pug-lexer": {
        "integrity": "sha1-IQwYRX7y4XYCQnQMXmR715TOwng=",
        "requires": {
          "character-parser": "2.2.0",
          "is-expression": "3.0.0",
          "pug-error": "1.3.2"
        },
        "resolved": "https://registry.npmjs.org/pug-lexer/-/pug-lexer-4.0.0.tgz",
        "version": "4.0.0"
      },
      "pug-linker": {
        "integrity": "sha1-npp65ABWgtAn3uuWsAD4juuDoC8=",
        "requires": {
          "pug-error": "1.3.2",
          "pug-walk": "1.1.7"
        },
        "resolved": "https://registry.npmjs.org/pug-linker/-/pug-linker-3.0.5.tgz",
        "version": "3.0.5"
      },
      "pug-load": {
        "dependencies": {
          "object-assign": {
            "integrity": "sha1-IQmtx5ZYh8/AXLvUQsrIv7s2CGM=",
            "resolved": "https://registry.npmjs.org/object-assign/-/object-assign-4.1.1.tgz",
            "version": "4.1.1"
          }
        },
        "integrity": "sha1-5kjlftET/iwfRdV4WOorrWvAFSc=",
        "requires": {
          "object-assign": "4.1.1",
          "pug-walk": "1.1.7"
        },
        "resolved": "https://registry.npmjs.org/pug-load/-/pug-load-2.0.11.tgz",
        "version": "2.0.11"
      },
      "pug-loader": {
        "integrity": "sha512-cD4bU2wmkZ1EEVyu0IfKOsh1F26KPva5oglO1Doc3knx8VpBIXmFHw16k9sITYIjQMCnRv1vb4vfQgy7VdR6eg==",
        "requires": {
          "loader-utils": "1.1.0",
          "pug-walk": "1.1.7",
          "resolve": "1.7.1"
        },
        "resolved": "https://registry.npmjs.org/pug-loader/-/pug-loader-2.4.0.tgz",
        "version": "2.4.0"
      },
      "pug-parser": {
        "integrity": "sha1-45Stmz/KkxI5QK/4hcBuRKt+aOQ=",
        "requires": {
          "pug-error": "1.3.2",
          "token-stream": "0.0.1"
        },
        "resolved": "https://registry.npmjs.org/pug-parser/-/pug-parser-5.0.0.tgz",
        "version": "5.0.0"
      },
      "pug-runtime": {
        "integrity": "sha1-4XjhvaaKsujArPybztLFT9iM61g=",
        "resolved": "https://registry.npmjs.org/pug-runtime/-/pug-runtime-2.0.4.tgz",
        "version": "2.0.4"
      },
      "pug-strip-comments": {
        "integrity": "sha1-8VWVkiBu3G+FMQ2s9K+0igJa9Z8=",
        "requires": {
          "pug-error": "1.3.2"
        },
        "resolved": "https://registry.npmjs.org/pug-strip-comments/-/pug-strip-comments-1.0.3.tgz",
        "version": "1.0.3"
      },
      "pug-walk": {
        "integrity": "sha1-wA1cUSi6xYBr7BXSt+fNq+QlMfM=",
        "resolved": "https://registry.npmjs.org/pug-walk/-/pug-walk-1.1.7.tgz",
        "version": "1.1.7"
      },
      "punycode": {
        "integrity": "sha1-wNWmOycYgArY4esPpSachN1BhF4=",
        "resolved": "https://registry.npmjs.org/punycode/-/punycode-1.4.1.tgz",
        "version": "1.4.1"
      },
      "qs": {
        "integrity": "sha512-N5ZAX4/LxJmF+7wN74pUD6qAh9/wnvdQcjq9TZjevvXzSUo7bfmw91saqMjzGS2xq91/odN2dW/WOl7qQHNDGA==",
        "resolved": "https://registry.npmjs.org/qs/-/qs-6.5.2.tgz",
        "version": "6.5.2"
      },
      "range-parser": {
        "integrity": "sha1-9JvmtIeJTdxA3MlKMi9hEJLgDV4=",
        "resolved": "https://registry.npmjs.org/range-parser/-/range-parser-1.2.0.tgz",
        "version": "1.2.0"
      },
      "raw-body": {
        "integrity": "sha512-9esiElv1BrZoI3rCDuOuKCBRbuApGGaDPQfjSflGxdy4oyzqghxu6klEkkVIvBje+FF0BX9coEv8KqW6X/7njw==",
        "requires": {
          "bytes": "3.0.0",
          "http-errors": "1.6.3",
          "iconv-lite": "0.4.23",
          "unpipe": "1.0.0"
        },
        "resolved": "https://registry.npmjs.org/raw-body/-/raw-body-2.3.3.tgz",
        "version": "2.3.3"
      },
      "regenerator-runtime": {
        "integrity": "sha512-MguG95oij0fC3QV3URf4V2SDYGJhJnJGqvIIgdECeODCT98wSWDAJ94SSuVpYQUoTcGUIL6L4yNB7j1DFFHSBg==",
        "resolved": "https://registry.npmjs.org/regenerator-runtime/-/regenerator-runtime-0.11.1.tgz",
        "version": "0.11.1"
      },
      "repeat-string": {
        "integrity": "sha1-jcrkcOHIirwtYA//Sndihtp15jc=",
        "resolved": "https://registry.npmjs.org/repeat-string/-/repeat-string-1.6.1.tgz",
        "version": "1.6.1"
      },
      "request": {
        "integrity": "sha512-BQZih67o9r+Ys94tcIW4S7Uu8pthjrQVxhsZ/weOwHbDfACxvIyvnAbzFQxjy1jMtvFSzv5zf4my6cZsJBbVzw==",
        "requires": {
          "aws-sign2": "0.7.0",
          "aws4": "1.7.0",
          "caseless": "0.12.0",
          "combined-stream": "1.0.6",
          "extend": "3.0.1",
          "forever-agent": "0.6.1",
          "form-data": "2.3.2",
          "har-validator": "5.0.3",
          "hawk": "6.0.2",
          "http-signature": "1.2.0",
          "is-typedarray": "1.0.0",
          "isstream": "0.1.2",
          "json-stringify-safe": "5.0.1",
          "mime-types": "2.1.18",
          "oauth-sign": "0.8.2",
          "performance-now": "2.1.0",
          "qs": "6.5.2",
          "safe-buffer": "5.1.2",
          "tough-cookie": "2.3.4",
          "tunnel-agent": "0.6.0",
          "uuid": "3.2.1"
        },
        "resolved": "https://registry.npmjs.org/request/-/request-2.86.0.tgz",
        "version": "2.86.0"
      },
      "resolve": {
        "integrity": "sha512-c7rwLofp8g1U+h1KNyHL/jicrKg1Ek4q+Lr33AL65uZTinUZHe30D5HlyN5V9NW0JX1D5dXQ4jqW5l7Sy/kGfw==",
        "requires": {
          "path-parse": "1.0.5"
        },
        "resolved": "https://registry.npmjs.org/resolve/-/resolve-1.7.1.tgz",
        "version": "1.7.1"
      },
      "right-align": {
        "integrity": "sha1-YTObci/mo1FWiSENJOFMlhSGE+8=",
        "requires": {
          "align-text": "0.1.4"
        },
        "resolved": "https://registry.npmjs.org/right-align/-/right-align-0.1.3.tgz",
        "version": "0.1.3"
      },
      "safe-buffer": {
        "integrity": "sha512-Gd2UZBJDkXlY7GbJxfsE8/nvKkUEU1G38c1siN6QP6a9PT9MmHB8GnpscSmMJSoF8LOIrt8ud/wPtojys4G6+g==",
        "resolved": "https://registry.npmjs.org/safe-buffer/-/safe-buffer-5.1.2.tgz",
        "version": "5.1.2"
      },
      "safer-buffer": {
        "integrity": "sha512-YZo3K82SD7Riyi0E1EQPojLz7kpepnSQI9IyPbHHg1XXXevb5dJI7tpyN2ADxGcQbHG7vcyRHk0cbwqcQriUtg==",
        "resolved": "https://registry.npmjs.org/safer-buffer/-/safer-buffer-2.1.2.tgz",
        "version": "2.1.2"
      },
      "selenium-webdriver": "^4.0.0-alpha.1",
      "send": {
        "dependencies": {
          "mime": {
            "integrity": "sha512-KI1+qOZu5DcW6wayYHSzR/tXKCDC5Om4s1z2QJjDULzLcmf3DvzS7oluY4HCTrc+9FiKmWUgeNLg7W3uIQvxtQ==",
            "resolved": "https://registry.npmjs.org/mime/-/mime-1.4.1.tgz",
            "version": "1.4.1"
          },
          "statuses": {
            "integrity": "sha512-zhSCtt8v2NDrRlPQpCNtw/heZLtfUDqxBM1udqikb/Hbk52LK4nQSwr10u77iopCW5LsyHpuXS0GnEc48mLeew==",
            "resolved": "https://registry.npmjs.org/statuses/-/statuses-1.4.0.tgz",
            "version": "1.4.0"
          }
        },
        "integrity": "sha512-E64YFPUssFHEFBvpbbjr44NCLtI1AohxQ8ZSiJjQLskAdKuriYEP6VyGEsRDH8ScozGpkaX1BGvhanqCwkcEZw==",
        "requires": {
          "debug": "2.6.9",
          "depd": "1.1.2",
          "destroy": "1.0.4",
          "encodeurl": "1.0.2",
          "escape-html": "1.0.3",
          "etag": "1.8.1",
          "fresh": "0.5.2",
          "http-errors": "1.6.3",
          "mime": "1.4.1",
          "ms": "2.0.0",
          "on-finished": "2.3.0",
          "range-parser": "1.2.0",
          "statuses": "1.4.0"
        },
        "resolved": "https://registry.npmjs.org/send/-/send-0.16.2.tgz",
        "version": "0.16.2"
      },
      "serve-static": {
        "integrity": "sha512-p/tdJrO4U387R9oMjb1oj7qSMaMfmOyd4j9hOFoxZe2baQszgHcSWjuya/CiT5kgZZKRudHNOA0pYXOl8rQ5nw==",
        "requires": {
          "encodeurl": "1.0.2",
          "escape-html": "1.0.3",
          "parseurl": "1.3.2",
          "send": "0.16.2"
        },
        "resolved": "https://registry.npmjs.org/serve-static/-/serve-static-1.13.2.tgz",
        "version": "1.13.2"
      },
      "setprototypeof": {
        "integrity": "sha512-BvE/TwpZX4FXExxOxZyRGQQv651MSwmWKZGqvmPcRIjDqWub67kTKuIMx43cZZrS/cBBzwBcNDWoFxt2XEFIpQ==",
        "resolved": "https://registry.npmjs.org/setprototypeof/-/setprototypeof-1.1.0.tgz",
        "version": "1.1.0"
      },
      "sntp": {
        "integrity": "sha512-FL1b58BDrqS3A11lJ0zEdnJ3UOKqVxawAkF3k7F0CVN7VQ34aZrV+G8BZ1WC9ZL7NyrwsW0oviwsWDgRuVYtJg==",
        "requires": {
          "hoek": "4.2.1"
        },
        "resolved": "https://registry.npmjs.org/sntp/-/sntp-2.1.0.tgz",
        "version": "2.1.0"
      },
      "source-map": {
        "integrity": "sha1-igOdLRAh0i0eoUyA2OpGi6LvP8w=",
        "resolved": "https://registry.npmjs.org/source-map/-/source-map-0.5.7.tgz",
        "version": "0.5.7"
      },
      "sshpk": {
        "integrity": "sha1-Ew9Zde3a2WPx1W+SuaxsUfqfg+s=",
        "requires": {
          "asn1": "0.2.3",
          "assert-plus": "1.0.0",
          "bcrypt-pbkdf": "1.0.1",
          "dashdash": "1.14.1",
          "ecc-jsbn": "0.1.1",
          "getpass": "0.1.7",
          "jsbn": "0.1.1",
          "tweetnacl": "0.14.5"
        },
        "resolved": "https://registry.npmjs.org/sshpk/-/sshpk-1.14.1.tgz",
        "version": "1.14.1"
      },
      "statuses": {
        "integrity": "sha1-Fhx9rBd2Wf2YEfQ3cfqZOBR4Yow=",
        "resolved": "https://registry.npmjs.org/statuses/-/statuses-1.5.0.tgz",
        "version": "1.5.0"
      },
      "to-fast-properties": {
        "integrity": "sha1-uDVx+k2MJbguIxsG46MFXeTKGkc=",
        "resolved": "https://registry.npmjs.org/to-fast-properties/-/to-fast-properties-1.0.3.tgz",
        "version": "1.0.3"
      },
      "token-stream": {
        "integrity": "sha1-zu78cXp2xDFvEm0LnbqlXX598Bo=",
        "resolved": "https://registry.npmjs.org/token-stream/-/token-stream-0.0.1.tgz",
        "version": "0.0.1"
      },
      "tough-cookie": {
        "integrity": "sha512-TZ6TTfI5NtZnuyy/Kecv+CnoROnyXn2DN97LontgQpCwsX2XyLYCC0ENhYkehSOwAp8rTQKc/NUIF7BkQ5rKLA==",
        "requires": {
          "punycode": "1.4.1"
        },
        "resolved": "https://registry.npmjs.org/tough-cookie/-/tough-cookie-2.3.4.tgz",
        "version": "2.3.4"
      },
      "tunnel-agent": {
        "integrity": "sha1-J6XeoGs2sEoKmWZ3SykIaPD8QP0=",
        "requires": {
          "safe-buffer": "5.1.2"
        },
        "resolved": "https://registry.npmjs.org/tunnel-agent/-/tunnel-agent-0.6.0.tgz",
        "version": "0.6.0"
      },
      "tweetnacl": {
        "integrity": "sha1-WuaBd/GS1EViadEIr6k/+HQ/T2Q=",
        "resolved": "https://registry.npmjs.org/tweetnacl/-/tweetnacl-0.14.5.tgz",
        "version": "0.14.5"
      },
      "type-is": {
        "integrity": "sha512-HRkVv/5qY2G6I8iab9cI7v1bOIdhm94dVjQCPFElW9W+3GeDOSHmy2EBYe4VTApuzolPcmgFTN3ftVJRKR2J9Q==",
        "requires": {
          "media-typer": "0.3.0",
          "mime-types": "2.1.18"
        },
        "resolved": "https://registry.npmjs.org/type-is/-/type-is-1.6.16.tgz",
        "version": "1.6.16"
      },
      "typedarray": {
        "integrity": "sha1-hnrHTjhkGHsdPUfZlqeOxciDB3c=",
        "resolved": "https://registry.npmjs.org/typedarray/-/typedarray-0.0.6.tgz",
        "version": "0.0.6"
      },
      "uglify-js": {
        "integrity": "sha1-KcVzMUgFe7Th913zW3qcty5qWd0=",
        "requires": {
          "source-map": "0.5.7",
          "uglify-to-browserify": "1.0.2",
          "yargs": "3.10.0"
        },
        "resolved": "https://registry.npmjs.org/uglify-js/-/uglify-js-2.8.29.tgz",
        "version": "2.8.29"
      },
      "uglify-to-browserify": {
        "integrity": "sha1-bgkk1r2mta/jSeOabWMoUKD4grc=",
        "resolved": "https://registry.npmjs.org/uglify-to-browserify/-/uglify-to-browserify-1.0.2.tgz",
        "version": "1.0.2"
      },
      "undefined": {
        "integrity": "sha1-m3BqSzKtMMIMpP5l3cu72sMr3tA=",
        "resolved": "https://registry.npmjs.org/undefined/-/undefined-0.1.0.tgz",
        "version": "0.1.0"
      },
      "unpipe": {
        "integrity": "sha1-sr9O6FFKrmFltIF4KdIbLvSZBOw=",
        "resolved": "https://registry.npmjs.org/unpipe/-/unpipe-1.0.0.tgz",
        "version": "1.0.0"
      },
      "util-deprecate": {
        "integrity": "sha1-RQ1Nyfpw3nMnYvvS1KKJgUGaDM8=",
        "resolved": "https://registry.npmjs.org/util-deprecate/-/util-deprecate-1.0.2.tgz",
        "version": "1.0.2"
      },
      "uuid": {
        "integrity": "sha512-jZnMwlb9Iku/O3smGWvZhauCf6cvvpKi4BKRiliS3cxnI+Gz9j5MEpTz2UFuXiKPJocb7gnsLHwiS05ige5BEA==",
        "resolved": "https://registry.npmjs.org/uuid/-/uuid-3.2.1.tgz",
        "version": "3.2.1"
      },
      "verror": {
        "integrity": "sha1-OhBcoXBTr1XW4nDB+CiGguGNpAA=",
        "requires": {
          "assert-plus": "1.0.0",
          "core-util-is": "1.0.2",
          "extsprintf": "1.3.0"
        },
        "resolved": "https://registry.npmjs.org/verror/-/verror-1.10.0.tgz",
        "version": "1.10.0"
      },
      "void-elements": {
        "integrity": "sha1-wGavtYK7HLQSjWDqkjkulNXp2+w=",
        "resolved": "https://registry.npmjs.org/void-elements/-/void-elements-2.0.1.tgz",
        "version": "2.0.1"
      },
      "vue-class-component": "^6.2.0",
      "window-size": {
        "integrity": "sha1-VDjNLqk7IC76Ohn+iIeu58lPnJ0=",
        "resolved": "https://registry.npmjs.org/window-size/-/window-size-0.1.0.tgz",
        "version": "0.1.0"
      },
      "with": {
        "integrity": "sha1-+k2qktrzLE6pTtRTyB8EaGtXXf4=",
        "requires": {
          "acorn": "3.3.0",
          "acorn-globals": "3.1.0"
        },
        "resolved": "https://registry.npmjs.org/with/-/with-5.1.1.tgz",
        "version": "5.1.1"
      },
      "wordwrap": {
        "integrity": "sha1-t5Zpu0LstAn4PVg8rVLKF+qhZD8=",
        "resolved": "https://registry.npmjs.org/wordwrap/-/wordwrap-0.0.2.tgz",
        "version": "0.0.2"
      },
      "yargs": {
        "integrity": "sha1-9+572FfdfB0tOMDnTvvWgdFDH9E=",
        "requires": {
          "camelcase": "1.2.1",
          "cliui": "2.1.0",
          "decamelize": "1.2.0",
          "window-size": "0.1.0"
        },
        "resolved": "https://registry.npmjs.org/yargs/-/yargs-3.10.0.tgz",
        "version": "3.10.0"
      },
      "zrender": {
        "integrity": "sha512-03Vd/BDl/cPXp8E61f5+Xbgr/a4vDyFA+uUtUc1s+5KgcPbyY2m+78R/9LQwkR6QwFYHG8qk25Q8ESGs/qpkZw==",
        "resolved": "https://registry.npmjs.org/zrender/-/zrender-4.0.4.tgz",
        "version": "4.0.4"
      }
    }
  }

yarn manifest: 
  No manifest

Lockfile: 
  No lockfile
