0 info it worked if it ends with ok
1 verbose cli [ 'C:\\Program Files\\nodejs\\node.exe',
1 verbose cli   'C:\\Program Files\\nodejs\\node_modules\\npm\\bin\\npm-cli.js',
1 verbose cli   'publish' ]
2 info using npm@3.10.10
3 info using node@v6.11.2
4 verbose publish [ '.' ]
5 silly cache add args [ '.', null ]
6 verbose cache add spec .
7 silly cache add parsed spec Result {
7 silly cache add   raw: '.',
7 silly cache add   scope: null,
7 silly cache add   escapedName: null,
7 silly cache add   name: null,
7 silly cache add   rawSpec: '.',
7 silly cache add   spec: 'C:\\Users\\zhai\\WebstormProjects\\font-end\\PDFObject',
7 silly cache add   type: 'directory' }
8 verbose addLocalDirectory C:\Users\zhai\AppData\Roaming\npm-cache\pipwerks\2.0.201604172\package.tgz not in flight; packing
9 verbose correctMkdir C:\Users\zhai\AppData\Roaming\npm-cache correctMkdir not in flight; initializing
10 info lifecycle pipwerks@2.0.201604172~prepublish: pipwerks@2.0.201604172
11 silly lifecycle pipwerks@2.0.201604172~prepublish: no script for prepublish, continuing
12 verbose tar pack [ 'C:\\Users\\zhai\\AppData\\Roaming\\npm-cache\\pipwerks\\2.0.201604172\\package.tgz',
12 verbose tar pack   'C:\\Users\\zhai\\WebstormProjects\\font-end\\PDFObject' ]
13 verbose tarball C:\Users\zhai\AppData\Roaming\npm-cache\pipwerks\2.0.201604172\package.tgz
14 verbose folder C:\Users\zhai\WebstormProjects\font-end\PDFObject
15 verbose addLocalTarball adding from inside cache C:\Users\zhai\AppData\Roaming\npm-cache\pipwerks\2.0.201604172\package.tgz
16 verbose correctMkdir C:\Users\zhai\AppData\Roaming\npm-cache correctMkdir not in flight; initializing
17 silly cache afterAdd pipwerks@2.0.201604172
18 verbose afterAdd C:\Users\zhai\AppData\Roaming\npm-cache\pipwerks\2.0.201604172\package\package.json not in flight; writing
19 verbose correctMkdir C:\Users\zhai\AppData\Roaming\npm-cache correctMkdir not in flight; initializing
20 verbose afterAdd C:\Users\zhai\AppData\Roaming\npm-cache\pipwerks\2.0.201604172\package\package.json written
21 silly publish { name: 'pipwerks',
21 silly publish   version: '2.0.201604172',
21 silly publish   description: 'An open-source standards-friendly JavaScript utility for embedding PDF files into HTML documents',
21 silly publish   main: 'pdfobject.js',
21 silly publish   scripts: { test: 'echo "Error: no test specified" && exit 1' },
21 silly publish   repository:
21 silly publish    { type: 'git',
21 silly publish      url: 'git+https://pipwerks@github.com/pipwerks/PDFObject.git' },
21 silly publish   keywords: [ 'pdf', 'pdfobject' ],
21 silly publish   author:
21 silly publish    { name: 'Philip Hutchison',
21 silly publish      email: 'philip@pipwerks.com',
21 silly publish      url: 'http://pipwerks.com' },
21 silly publish   license: 'MIT',
21 silly publish   bugs: { url: 'https://github.com/pipwerks/PDFObject/issues' },
21 silly publish   homepage: 'https://github.com/pipwerks/PDFObject#readme',
21 silly publish   readme: 'PDFObject is a lightweight JavaScript utility for dynamically embedding PDFs in HTML documents.\n\nCopyright (c) 2008-2016 Philip Hutchison\nMIT-style license: http://pipwerks.mit-license.org/\n\n-----\n\n## April 2016\n\n[![CDNJS](https://img.shields.io/cdnjs/v/pdfobject.svg)](https://cdnjs.com/libraries/pdfobject/)\n\nI\'m pleased to announce PDFObject 2.0 has arrived! Completely rewritten for the HTML5 era, PDFObject 2.0 has **BREAKING CHANGES** and is not backwards-compatible.\n\nFor examples, instructions, and a general good time, check out the recently updated http://pdfobject.com\n\nI have completed initial testing in IE9-11, MS Edge, Safari, Firefox, Chrome, and iOS Safari. PDF embedding is not supported by Safari in iOS -- it is not a PDFObject shortcoming!\n\nIf you find any issues, please report them at https://github.com/pipwerks/PDFObject/issues.\n',
21 silly publish   readmeFilename: 'readme.md',
21 silly publish   _id: 'pipwerks@2.0.201604172',
21 silly publish   _shasum: '34b9a49b1003b610ff1a34712a403a2eefc94770',
21 silly publish   _from: '.' }
22 verbose getPublishConfig undefined
23 silly mapToRegistry name pipwerks
24 silly mapToRegistry using default registry
25 silly mapToRegistry registry https://registry.npm.taobao.org/
26 silly mapToRegistry data Result {
26 silly mapToRegistry   raw: 'pipwerks',
26 silly mapToRegistry   scope: null,
26 silly mapToRegistry   escapedName: 'pipwerks',
26 silly mapToRegistry   name: 'pipwerks',
26 silly mapToRegistry   rawSpec: '',
26 silly mapToRegistry   spec: 'latest',
26 silly mapToRegistry   type: 'tag' }
27 silly mapToRegistry uri https://registry.npm.taobao.org/pipwerks
28 verbose publish registryBase https://registry.npm.taobao.org/
29 silly publish uploading C:\Users\zhai\AppData\Roaming\npm-cache\pipwerks\2.0.201604172\package.tgz
30 verbose request uri https://registry.npm.taobao.org/pipwerks
31 verbose request sending authorization for write operation
32 info attempt registry request try #1 at 19:35:55
33 verbose request id 5daffb5528819400
34 http request PUT https://registry.npm.taobao.org/pipwerks
35 http 403 https://registry.npm.taobao.org/pipwerks
36 verbose headers { date: 'Mon, 18 Dec 2017 11:38:25 GMT',
36 verbose headers   'content-type': 'application/json; charset=utf-8',
36 verbose headers   'content-length': '87',
36 verbose headers   connection: 'keep-alive',
36 verbose headers   'x-current-requests': '1',
36 verbose headers   vary: 'Origin',
36 verbose headers   'x-readtime': '5' }
37 verbose request invalidating C:\Users\zhai\AppData\Roaming\npm-cache\registry.npm.taobao.org\pipwerks on PUT
38 error publish Failed PUT 403
39 verbose stack Error: no_perms Private mode enable, only admin can publish this module: pipwerks
39 verbose stack     at makeError (C:\Program Files\nodejs\node_modules\npm\node_modules\npm-registry-client\lib\request.js:302:12)
39 verbose stack     at CachingRegistryClient.<anonymous> (C:\Program Files\nodejs\node_modules\npm\node_modules\npm-registry-client\lib\request.js:290:14)
39 verbose stack     at Request._callback (C:\Program Files\nodejs\node_modules\npm\node_modules\npm-registry-client\lib\request.js:210:14)
39 verbose stack     at Request.self.callback (C:\Program Files\nodejs\node_modules\npm\node_modules\request\request.js:187:22)
39 verbose stack     at emitTwo (events.js:106:13)
39 verbose stack     at Request.emit (events.js:191:7)
39 verbose stack     at Request.<anonymous> (C:\Program Files\nodejs\node_modules\npm\node_modules\request\request.js:1048:10)
39 verbose stack     at emitOne (events.js:96:13)
39 verbose stack     at Request.emit (events.js:188:7)
39 verbose stack     at IncomingMessage.<anonymous> (C:\Program Files\nodejs\node_modules\npm\node_modules\request\request.js:969:12)
40 verbose statusCode 403
41 verbose pkgid pipwerks
42 verbose cwd C:\Users\zhai\WebstormProjects\font-end\PDFObject
43 error Windows_NT 10.0.15063
44 error argv "C:\\Program Files\\nodejs\\node.exe" "C:\\Program Files\\nodejs\\node_modules\\npm\\bin\\npm-cli.js" "publish"
45 error node v6.11.2
46 error npm  v3.10.10
47 error code E403
48 error no_perms Private mode enable, only admin can publish this module: pipwerks
49 error If you need help, you may report this error at:
49 error     <https://github.com/npm/npm/issues>
50 verbose exit [ 1, true ]
